mode: set
2025_2_404/pkg/convertImage/convert.go:10.70,13.24 3 1
2025_2_404/pkg/convertImage/convert.go:13.24,15.3 1 1
2025_2_404/pkg/convertImage/convert.go:16.2,16.68 1 1
2025_2_404/internal/service/profile/config/config.go:35.26,37.16 2 0
2025_2_404/internal/service/profile/config/config.go:37.16,39.3 1 0
2025_2_404/internal/service/profile/config/config.go:41.2,42.16 2 0
2025_2_404/internal/service/profile/config/config.go:42.16,44.3 1 0
2025_2_404/internal/service/profile/config/config.go:45.2,49.3 1 0
2025_2_404/internal/service/profile/config/config.go:52.42,60.2 1 1
2025_2_404/internal/service/profile/config/config.go:62.32,67.2 1 1
2025_2_404/internal/service/profile/config/config.go:69.40,74.2 1 1
2025_2_404/internal/service/slot/config/config.go:33.26,35.16 2 0
2025_2_404/internal/service/slot/config/config.go:35.16,36.35 1 0
2025_2_404/internal/service/slot/config/config.go:39.2,44.3 2 0
2025_2_404/internal/service/slot/config/config.go:47.42,55.2 1 1
2025_2_404/internal/service/slot/config/config.go:57.32,67.2 1 1
2025_2_404/internal/service/storage/config/config.go:33.26,35.16 2 0
2025_2_404/internal/service/storage/config/config.go:35.16,37.3 1 0
2025_2_404/internal/service/storage/config/config.go:39.2,44.3 2 0
2025_2_404/internal/service/storage/config/config.go:47.42,55.2 1 1
2025_2_404/internal/service/storage/config/config.go:57.32,65.2 1 1
2025_2_404/internal/service/ad/config/config.go:31.26,33.16 2 0
2025_2_404/internal/service/ad/config/config.go:33.16,34.35 1 0
2025_2_404/internal/service/ad/config/config.go:37.2,42.3 2 0
2025_2_404/internal/service/ad/config/config.go:45.42,53.2 1 1
2025_2_404/internal/service/ad/config/config.go:55.32,63.2 1 1
2025_2_404/internal/service/storage/usecase/filestorage/filestorage.go:19.46,21.2 1 1
2025_2_404/internal/service/storage/usecase/filestorage/filestorage.go:23.39,29.2 3 1
2025_2_404/internal/service/storage/usecase/filestorage/filestorage.go:31.36,33.2 1 1
2025_2_404/internal/service/storage/usecase/filestorage/filestorage.go:35.89,36.21 1 1
2025_2_404/internal/service/storage/usecase/filestorage/filestorage.go:36.21,39.3 2 1
2025_2_404/internal/service/storage/usecase/filestorage/filestorage.go:41.2,41.109 1 1
2025_2_404/internal/service/storage/usecase/filestorage/filestorage.go:41.109,44.3 2 1
2025_2_404/internal/service/storage/usecase/filestorage/filestorage.go:46.2,50.54 4 1
2025_2_404/internal/service/storage/usecase/filestorage/filestorage.go:50.54,53.3 2 0
2025_2_404/internal/service/storage/usecase/filestorage/filestorage.go:55.2,56.16 2 1
2025_2_404/internal/service/storage/usecase/filestorage/filestorage.go:56.16,59.3 2 0
2025_2_404/internal/service/storage/usecase/filestorage/filestorage.go:60.2,60.15 1 1
2025_2_404/internal/service/storage/usecase/filestorage/filestorage.go:60.15,62.3 1 1
2025_2_404/internal/service/storage/usecase/filestorage/filestorage.go:64.2,64.48 1 1
2025_2_404/internal/service/storage/usecase/filestorage/filestorage.go:64.48,67.3 2 0
2025_2_404/internal/service/storage/usecase/filestorage/filestorage.go:69.2,70.12 2 1
2025_2_404/internal/service/storage/usecase/filestorage/filestorage.go:73.86,74.21 1 1
2025_2_404/internal/service/storage/usecase/filestorage/filestorage.go:74.21,77.3 2 1
2025_2_404/internal/service/storage/usecase/filestorage/filestorage.go:80.2,80.109 1 1
2025_2_404/internal/service/storage/usecase/filestorage/filestorage.go:80.109,83.3 2 1
2025_2_404/internal/service/storage/usecase/filestorage/filestorage.go:85.2,89.16 4 1
2025_2_404/internal/service/storage/usecase/filestorage/filestorage.go:89.16,90.25 1 1
2025_2_404/internal/service/storage/usecase/filestorage/filestorage.go:90.25,93.4 2 1
2025_2_404/internal/service/storage/usecase/filestorage/filestorage.go:94.3,95.43 2 0
2025_2_404/internal/service/storage/usecase/filestorage/filestorage.go:99.2,101.18 3 1
2025_2_404/internal/service/storage/usecase/filestorage/filestorage.go:101.18,103.3 1 1
2025_2_404/internal/service/storage/usecase/filestorage/filestorage.go:105.2,106.31 2 1
2025_2_404/internal/service/storage/usecase/filestorage/filestorage.go:109.71,110.21 1 1
2025_2_404/internal/service/storage/usecase/filestorage/filestorage.go:110.21,113.3 2 1
2025_2_404/internal/service/storage/usecase/filestorage/filestorage.go:116.2,116.109 1 1
2025_2_404/internal/service/storage/usecase/filestorage/filestorage.go:116.109,119.3 2 1
2025_2_404/internal/service/storage/usecase/filestorage/filestorage.go:121.2,124.53 3 1
2025_2_404/internal/service/storage/usecase/filestorage/filestorage.go:124.53,127.3 2 1
2025_2_404/internal/service/storage/usecase/filestorage/filestorage.go:129.2,129.44 1 1
2025_2_404/internal/service/storage/usecase/filestorage/filestorage.go:129.44,132.3 2 0
2025_2_404/internal/service/storage/usecase/filestorage/filestorage.go:134.2,135.12 2 1
2025_2_404/pkg/ReadYooKassaIP/readIP.go:21.13,22.40 1 1
2025_2_404/pkg/ReadYooKassaIP/readIP.go:22.40,24.17 2 1
2025_2_404/pkg/ReadYooKassaIP/readIP.go:24.17,25.54 1 0
2025_2_404/pkg/ReadYooKassaIP/readIP.go:27.3,27.53 1 1
2025_2_404/pkg/ReadYooKassaIP/readIP.go:31.38,32.67 1 1
2025_2_404/pkg/ReadYooKassaIP/readIP.go:32.67,34.3 1 1
2025_2_404/pkg/ReadYooKassaIP/readIP.go:36.2,37.15 2 1
2025_2_404/pkg/ReadYooKassaIP/readIP.go:37.15,39.3 1 1
2025_2_404/pkg/ReadYooKassaIP/readIP.go:41.2,41.39 1 1
2025_2_404/pkg/ReadYooKassaIP/readIP.go:41.39,42.23 1 1
2025_2_404/pkg/ReadYooKassaIP/readIP.go:42.23,44.4 1 1
2025_2_404/pkg/ReadYooKassaIP/readIP.go:46.2,46.14 1 1
2025_2_404/internal/service/slot/usecase/slot/slot.go:21.40,23.2 1 1
2025_2_404/internal/service/slot/usecase/slot/slot.go:25.77,27.2 1 1
2025_2_404/internal/service/slot/usecase/slot/slot.go:29.79,31.2 1 1
2025_2_404/internal/service/slot/usecase/slot/slot.go:33.94,35.2 1 1
2025_2_404/internal/service/slot/usecase/slot/slot.go:37.66,39.2 1 1
2025_2_404/internal/service/slot/usecase/slot/slot.go:41.85,43.2 1 1
2025_2_404/internal/service/ad/domain/user/model.go:33.63,34.45 1 1
2025_2_404/internal/service/ad/domain/user/model.go:34.45,36.3 1 1
2025_2_404/internal/service/ad/domain/user/model.go:38.2,38.43 1 1
2025_2_404/internal/service/ad/domain/user/model.go:38.43,40.3 1 1
2025_2_404/internal/service/ad/domain/user/model.go:42.2,42.84 1 1
2025_2_404/internal/service/ad/domain/user/model.go:42.84,44.3 1 0
2025_2_404/internal/service/ad/domain/user/model.go:46.2,46.38 1 1
2025_2_404/internal/service/ad/domain/user/model.go:46.38,48.3 1 1
2025_2_404/internal/service/ad/domain/user/model.go:50.2,50.23 1 1
2025_2_404/internal/service/ad/domain/user/model.go:50.23,52.3 1 0
2025_2_404/internal/service/ad/domain/user/model.go:54.2,54.45 1 1
2025_2_404/internal/service/ad/domain/user/model.go:54.45,56.3 1 1
2025_2_404/internal/service/ad/domain/user/model.go:58.2,58.44 1 1
2025_2_404/internal/service/ad/domain/user/model.go:58.44,60.3 1 1
2025_2_404/internal/service/ad/domain/user/model.go:62.2,62.43 1 1
2025_2_404/internal/service/ad/domain/user/model.go:62.43,64.3 1 1
2025_2_404/internal/service/ad/domain/user/model.go:66.2,66.43 1 1
2025_2_404/internal/service/ad/domain/user/model.go:66.43,68.3 1 1
2025_2_404/internal/service/ad/domain/user/model.go:70.2,70.45 1 1
2025_2_404/internal/service/ad/domain/user/model.go:70.45,72.3 1 1
2025_2_404/internal/service/ad/domain/user/model.go:74.2,75.16 2 1
2025_2_404/internal/service/ad/domain/user/model.go:75.16,77.3 1 0
2025_2_404/internal/service/ad/domain/user/model.go:79.2,83.8 1 1
2025_2_404/internal/service/auth/domain/user.go:28.76,29.23 1 1
2025_2_404/internal/service/auth/domain/user.go:29.23,31.3 1 1
2025_2_404/internal/service/auth/domain/user.go:32.2,32.24 1 1
2025_2_404/internal/service/auth/domain/user.go:32.24,34.3 1 1
2025_2_404/internal/service/auth/domain/user.go:36.2,36.43 1 1
2025_2_404/internal/service/auth/domain/user.go:36.43,38.3 1 1
2025_2_404/internal/service/auth/domain/user.go:40.2,40.84 1 1
2025_2_404/internal/service/auth/domain/user.go:40.84,42.3 1 1
2025_2_404/internal/service/auth/domain/user.go:44.2,44.38 1 1
2025_2_404/internal/service/auth/domain/user.go:44.38,46.3 1 1
2025_2_404/internal/service/auth/domain/user.go:48.2,48.23 1 1
2025_2_404/internal/service/auth/domain/user.go:48.23,50.3 1 1
2025_2_404/internal/service/auth/domain/user.go:52.2,52.23 1 1
2025_2_404/internal/service/auth/domain/user.go:52.23,54.3 1 1
2025_2_404/internal/service/auth/domain/user.go:55.2,55.24 1 1
2025_2_404/internal/service/auth/domain/user.go:55.24,57.3 1 1
2025_2_404/internal/service/auth/domain/user.go:59.2,59.44 1 1
2025_2_404/internal/service/auth/domain/user.go:59.44,61.3 1 1
2025_2_404/internal/service/auth/domain/user.go:63.2,63.43 1 1
2025_2_404/internal/service/auth/domain/user.go:63.43,65.3 1 1
2025_2_404/internal/service/auth/domain/user.go:67.2,67.43 1 1
2025_2_404/internal/service/auth/domain/user.go:67.43,69.3 1 1
2025_2_404/internal/service/auth/domain/user.go:71.2,71.45 1 1
2025_2_404/internal/service/auth/domain/user.go:71.45,73.3 1 1
2025_2_404/internal/service/auth/domain/user.go:75.2,76.16 2 1
2025_2_404/internal/service/auth/domain/user.go:76.16,78.3 1 0
2025_2_404/internal/service/auth/domain/user.go:80.2,85.8 1 1
2025_2_404/internal/service/auth/domain/user.go:88.54,89.17 1 1
2025_2_404/internal/service/auth/domain/user.go:89.17,91.3 1 1
2025_2_404/internal/service/auth/domain/user.go:93.2,93.38 1 1
2025_2_404/internal/service/auth/domain/user.go:93.38,95.3 1 1
2025_2_404/internal/service/auth/domain/user.go:97.2,97.20 1 1
2025_2_404/internal/service/auth/domain/user.go:97.20,99.3 1 1
2025_2_404/internal/service/auth/domain/user.go:101.2,101.23 1 1
2025_2_404/internal/service/auth/domain/user.go:101.23,103.3 1 1
2025_2_404/internal/service/auth/domain/user.go:104.2,104.24 1 1
2025_2_404/internal/service/auth/domain/user.go:104.24,106.3 1 0
2025_2_404/internal/service/auth/domain/user.go:108.2,108.44 1 1
2025_2_404/internal/service/auth/domain/user.go:108.44,110.3 1 0
2025_2_404/internal/service/auth/domain/user.go:112.2,112.43 1 1
2025_2_404/internal/service/auth/domain/user.go:112.43,114.3 1 1
2025_2_404/internal/service/auth/domain/user.go:116.2,116.43 1 1
2025_2_404/internal/service/auth/domain/user.go:116.43,118.3 1 1
2025_2_404/internal/service/auth/domain/user.go:120.2,120.45 1 1
2025_2_404/internal/service/auth/domain/user.go:120.45,122.3 1 1
2025_2_404/internal/service/auth/domain/user.go:124.2,124.12 1 1
2025_2_404/internal/service/profile/service/balance.go:10.93,12.2 1 1
2025_2_404/internal/service/profile/service/balance.go:14.100,16.2 1 1
2025_2_404/internal/service/profile/service/balance.go:18.105,20.16 2 1
2025_2_404/internal/service/profile/service/balance.go:20.16,22.3 1 1
2025_2_404/internal/service/profile/service/balance.go:23.2,23.24 1 1
2025_2_404/internal/service/profile/service/balance.go:23.24,25.3 1 1
2025_2_404/internal/service/profile/service/balance.go:26.2,26.57 1 1
2025_2_404/internal/service/profile/service/payment.go:12.100,25.16 5 0
2025_2_404/internal/service/profile/service/payment.go:25.16,33.3 2 0
2025_2_404/internal/service/profile/service/payment.go:35.2,45.59 5 0
2025_2_404/internal/service/profile/service/payment.go:45.59,52.3 2 0
2025_2_404/internal/service/profile/service/payment.go:54.2,61.26 2 0
2025_2_404/internal/service/profile/service/payment.go:64.141,66.2 1 0
2025_2_404/internal/service/profile/service/payment.go:68.120,70.2 1 0
2025_2_404/internal/service/profile/service/profile.go:30.64,35.2 1 1
2025_2_404/internal/service/profile/service/profile.go:37.76,39.2 1 1
2025_2_404/internal/service/profile/service/profile.go:41.92,43.2 1 1
2025_2_404/internal/service/profile/service/profile.go:45.76,47.53 1 1
2025_2_404/internal/service/profile/service/profile.go:47.53,49.3 1 1
2025_2_404/internal/service/profile/service/profile.go:51.2,51.12 1 1
2025_2_404/internal/service/slot/usecase/metric/metric.go:19.49,23.2 1 1
2025_2_404/internal/service/slot/usecase/metric/metric.go:25.98,27.2 1 1
2025_2_404/internal/service/slot/usecase/metric/metric.go:29.123,31.16 2 1
2025_2_404/internal/service/slot/usecase/metric/metric.go:31.16,33.3 1 1
2025_2_404/internal/service/slot/usecase/metric/metric.go:35.2,37.28 3 1
2025_2_404/internal/service/slot/usecase/metric/metric.go:37.28,40.3 2 1
2025_2_404/internal/service/slot/usecase/metric/metric.go:42.2,42.52 1 1
2025_2_404/pkg/utils/grpc.go:12.35,13.16 1 1
2025_2_404/pkg/utils/grpc.go:13.16,15.3 1 1
2025_2_404/pkg/utils/grpc.go:17.2,17.9 1 1
2025_2_404/pkg/utils/grpc.go:18.57,19.56 1 1
2025_2_404/pkg/utils/grpc.go:20.52,21.51 1 1
2025_2_404/pkg/utils/grpc.go:22.60,23.58 1 1
2025_2_404/pkg/utils/grpc.go:24.53,25.58 1 1
2025_2_404/pkg/utils/grpc.go:26.52,27.58 1 1
2025_2_404/pkg/utils/grpc.go:28.46,29.58 1 1
2025_2_404/pkg/utils/grpc.go:30.52,31.51 1 1
2025_2_404/pkg/utils/grpc.go:32.51,33.58 1 1
2025_2_404/pkg/utils/grpc.go:36.46,37.50 1 1
2025_2_404/pkg/utils/grpc.go:38.58,39.58 1 1
2025_2_404/pkg/utils/grpc.go:40.10,41.53 1 1
2025_2_404/pkg/utils/http.go:9.46,10.14 1 1
2025_2_404/pkg/utils/http.go:11.16,12.23 1 1
2025_2_404/pkg/utils/http.go:13.22,14.35 1 1
2025_2_404/pkg/utils/http.go:15.21,16.31 1 1
2025_2_404/pkg/utils/http.go:17.29,18.31 1 1
2025_2_404/pkg/utils/http.go:19.30,20.35 1 1
2025_2_404/pkg/utils/http.go:21.22,22.29 1 1
2025_2_404/pkg/utils/http.go:23.27,24.29 1 1
2025_2_404/pkg/utils/http.go:25.30,26.30 1 1
2025_2_404/pkg/utils/http.go:27.29,28.33 1 1
2025_2_404/pkg/utils/http.go:29.31,30.36 1 1
2025_2_404/pkg/utils/http.go:31.32,32.39 1 1
2025_2_404/pkg/utils/http.go:33.21,34.29 1 1
2025_2_404/pkg/utils/http.go:35.24,36.31 1 1
2025_2_404/pkg/utils/http.go:37.27,38.31 1 1
2025_2_404/pkg/utils/http.go:39.22,40.27 1 1
2025_2_404/pkg/utils/http.go:41.25,42.31 1 1
2025_2_404/pkg/utils/http.go:43.22,44.29 1 1
2025_2_404/pkg/utils/http.go:45.10,46.27 1 1
2025_2_404/internal/service/ad/usecase/ad/ad.go:29.61,34.2 1 1
2025_2_404/internal/service/ad/usecase/ad/ad.go:36.108,38.2 1 1
2025_2_404/internal/service/ad/usecase/ad/ad.go:40.69,42.21 1 1
2025_2_404/internal/service/ad/usecase/ad/ad.go:42.21,44.3 1 1
2025_2_404/internal/service/ad/usecase/ad/ad.go:44.8,46.3 1 1
2025_2_404/internal/service/ad/usecase/ad/ad.go:48.2,56.49 2 1
2025_2_404/internal/service/ad/usecase/ad/ad.go:56.49,62.3 2 1
2025_2_404/internal/service/ad/usecase/ad/ad.go:64.2,69.12 2 1
2025_2_404/internal/service/ad/usecase/ad/ad.go:72.69,78.49 2 1
2025_2_404/internal/service/ad/usecase/ad/ad.go:78.49,81.3 2 0
2025_2_404/internal/service/ad/usecase/ad/ad.go:83.2,87.12 2 1
2025_2_404/internal/service/ad/usecase/ad/ad.go:90.93,96.61 2 1
2025_2_404/internal/service/ad/usecase/ad/ad.go:96.61,99.3 2 0
2025_2_404/internal/service/ad/usecase/ad/ad.go:101.2,105.12 2 1
2025_2_404/internal/service/ad/usecase/ad/ad.go:108.126,110.16 2 1
2025_2_404/internal/service/ad/usecase/ad/ad.go:110.16,113.3 1 0
2025_2_404/internal/service/ad/usecase/ad/ad.go:116.2,117.28 2 1
2025_2_404/internal/service/ad/usecase/ad/ad.go:117.28,120.3 1 1
2025_2_404/internal/service/ad/usecase/ad/ad.go:123.2,123.25 1 1
2025_2_404/internal/service/ad/usecase/ad/ad.go:123.25,125.3 1 1
2025_2_404/internal/service/ad/usecase/ad/ad.go:127.2,127.32 1 1
2025_2_404/internal/service/ad/usecase/ad/ad.go:130.122,133.31 3 1
2025_2_404/internal/service/ad/usecase/ad/ad.go:133.31,135.3 1 1
2025_2_404/internal/service/ad/usecase/ad/ad.go:135.8,135.33 1 1
2025_2_404/internal/service/ad/usecase/ad/ad.go:135.33,137.3 1 1
2025_2_404/internal/service/ad/usecase/ad/ad.go:139.2,139.64 1 1
2025_2_404/internal/service/ad/usecase/ad/ad.go:142.87,144.2 1 1
2025_2_404/internal/service/ad/usecase/ad/ad.go:146.89,148.2 1 1
2025_2_404/pkg/logger/logger.go:11.33,13.42 2 1
2025_2_404/pkg/logger/logger.go:13.42,15.3 1 1
2025_2_404/pkg/logger/logger.go:17.2,19.3 1 1
2025_2_404/internal/service/ad/usecase/budget/budget_usecase.go:21.69,26.2 1 1
2025_2_404/internal/service/ad/usecase/budget/budget_usecase.go:28.117,30.2 1 1
2025_2_404/internal/service/auth/service/JWTtoken.go:22.103,28.2 1 1
2025_2_404/internal/service/auth/service/JWTtoken.go:35.73,47.16 5 1
2025_2_404/internal/service/auth/service/JWTtoken.go:47.16,49.3 1 0
2025_2_404/internal/service/auth/service/JWTtoken.go:50.2,50.16 1 1
2025_2_404/internal/service/auth/service/JWTtoken.go:53.99,55.101 2 1
2025_2_404/internal/service/auth/service/JWTtoken.go:55.101,56.59 1 1
2025_2_404/internal/service/auth/service/JWTtoken.go:56.59,58.4 1 1
2025_2_404/internal/service/auth/service/JWTtoken.go:59.3,59.26 1 1
2025_2_404/internal/service/auth/service/JWTtoken.go:62.2,62.16 1 1
2025_2_404/internal/service/auth/service/JWTtoken.go:62.16,64.3 1 1
2025_2_404/internal/service/auth/service/JWTtoken.go:66.2,66.61 1 1
2025_2_404/internal/service/auth/service/JWTtoken.go:66.61,68.3 1 1
2025_2_404/internal/service/auth/service/JWTtoken.go:70.2,70.47 1 0
2025_2_404/internal/service/auth/service/user.go:33.85,39.2 1 1
2025_2_404/internal/service/auth/service/user.go:41.113,43.16 2 1
2025_2_404/internal/service/auth/service/user.go:43.16,46.3 2 1
2025_2_404/internal/service/auth/service/user.go:48.2,49.16 2 1
2025_2_404/internal/service/auth/service/user.go:49.16,52.3 2 1
2025_2_404/internal/service/auth/service/user.go:54.2,55.16 2 1
2025_2_404/internal/service/auth/service/user.go:55.16,58.3 2 1
2025_2_404/internal/service/auth/service/user.go:59.2,59.27 1 1
2025_2_404/internal/service/auth/service/user.go:62.92,64.16 2 1
2025_2_404/internal/service/auth/service/user.go:64.16,65.51 1 1
2025_2_404/internal/service/auth/service/user.go:65.51,67.4 1 1
2025_2_404/internal/service/auth/service/user.go:68.3,68.44 1 0
2025_2_404/internal/service/auth/service/user.go:71.2,71.101 1 1
2025_2_404/internal/service/auth/service/user.go:71.101,73.3 1 1
2025_2_404/internal/service/auth/service/user.go:75.2,75.21 1 1
2025_2_404/internal/service/auth/service/user.go:78.107,80.16 2 1
2025_2_404/internal/service/auth/service/user.go:80.16,83.3 2 1
2025_2_404/internal/service/auth/service/user.go:85.2,86.16 2 1
2025_2_404/internal/service/auth/service/user.go:86.16,89.3 2 1
2025_2_404/internal/service/auth/service/user.go:91.2,92.16 2 1
2025_2_404/internal/service/auth/service/user.go:92.16,95.3 2 1
2025_2_404/internal/service/auth/service/user.go:97.2,97.27 1 1
